TN:
SF:Mocking\calculator.js
FN:3,calculateSum
FNF:1
FNH:1
FNDA:1,calculateSum
DA:1,1
DA:4,1
DA:7,1
LF:3
LH:3
BRF:0
BRH:0
end_of_record
TN:
SF:Mocking\math.js
FN:1,add
FNF:1
FNH:0
FNDA:0,add
DA:2,0
DA:4,1
LF:2
LH:1
BRF:0
BRH:0
end_of_record
TN:
SF:testDevOps\OtherTest\AllTest.js
FN:1,(anonymous_0)
FN:3,(anonymous_1)
FNF:2
FNH:2
FNDA:1,(anonymous_0)
FNDA:1,(anonymous_1)
DA:1,1
DA:3,1
DA:4,1
DA:5,1
DA:6,3
DA:8,1
DA:11,1
LF:7
LH:7
BRF:0
BRH:0
end_of_record
TN:
SF:testDevOps\Somme\Somme.js
FN:1,(anonymous_0)
FNF:1
FNH:1
FNDA:1,(anonymous_0)
DA:1,1
DA:3,1
LF:2
LH:2
BRF:0
BRH:0
end_of_record
